<?xml version="1.0" encoding="UTF-8"?>
<!-- Generated by org.testng.reporters.JUnitReportReporter -->
<testsuite hostname="KUMARSAURABH-PC" failures="0" tests="3" name="testNG.Tester6" time="0.017" errors="0" timestamp="2021-03-23T16:01:54 IST" skipped="0">
  <testcase classname="testNG.Tester6" name="login" time="0.012"/>
  <system-out>
login  </system-out>
  <testcase classname="testNG.Tester6" name="createUser" time="0.003"/>
  <system-out>
createuser  </system-out>
  <testcase classname="testNG.Tester6" name="logout" time="0.002"/>
  <system-out>
logout  </system-out>
</testsuite> <!-- testNG.Tester6 -->
