<?xml version="1.0" encoding="UTF-8"?>
<!-- Generated by org.testng.reporters.JUnitReportReporter -->
<testsuite hostname="KUMARSAURABH-PC" failures="0" tests="5" name="testNG.Tester2" time="0.027" errors="0" timestamp="2021-04-04T17:35:02 IST" skipped="0">
  <testcase classname="testNG.Tester2" name="lion" time="0.018"/>
  <system-out>
This is lion method  </system-out>
  <testcase classname="testNG.Tester2" name="Animal" time="0.002"/>
  <system-out>
This is Animal method  </system-out>
  <testcase classname="testNG.Tester2" name="cheetah" time="0.002"/>
  <system-out>
This is cheetah method  </system-out>
  <testcase classname="testNG.Tester2" name="Bird" time="0.002"/>
  <system-out>
This is Bird method  </system-out>
  <testcase classname="testNG.Tester2" name="animal" time="0.003"/>
  <system-out>
This is animal method  </system-out>
</testsuite> <!-- testNG.Tester2 -->
