<?xml version="1.0" encoding="UTF-8"?>
<!-- Generated by org.testng.reporters.JUnitReportReporter -->
<testsuite hostname="KUMARSAURABH-PC" failures="0" tests="3" name="testNG.Tester3" time="0.018" errors="0" timestamp="2021-03-23T15:13:25 IST" skipped="0">
  <testcase classname="testNG.Tester3" name="login" time="0.002"/>
  <system-out>
This is login method  </system-out>
  <testcase classname="testNG.Tester3" name="createUser" time="0.014"/>
  <system-out>
This is createUser method  </system-out>
  <testcase classname="testNG.Tester3" name="createUser" time="0.002"/>
  <system-out>
This is createUser method  </system-out>
</testsuite> <!-- testNG.Tester3 -->
