<?xml version="1.0" encoding="UTF-8"?>
<!-- Generated by org.testng.reporters.JUnitReportReporter -->
<testsuite hostname="KUMARSAURABH-PC" failures="0" tests="1" name="assertions.Tester2" time="19.889" errors="0" timestamp="2021-03-24T16:37:22 IST" skipped="0">
  <testcase classname="assertions.Tester2" name="title" time="19.889"/>
  <system-out/>
</testsuite> <!-- assertions.Tester2 -->
