<?xml version="1.0" encoding="UTF-8"?>
<!-- Generated by org.testng.reporters.JUnitReportReporter -->
<testsuite hostname="KUMARSAURABH-PC" failures="0" tests="5" name="testNG.Tester4" time="0.015" errors="0" timestamp="2021-03-23T13:46:37 IST" skipped="0">
  <testcase classname="testNG.Tester4" name="lion" time="0.001"/>
  <system-out>
This is lion method  </system-out>
  <testcase classname="testNG.Tester4" name="Animal" time="0.010"/>
  <system-out>
This is Animal method  </system-out>
  <testcase classname="testNG.Tester4" name="animal" time="0.001"/>
  <system-out>
This is animal method  </system-out>
  <testcase classname="testNG.Tester4" name="cheetah" time="0.002"/>
  <system-out>
This is cheetah method  </system-out>
  <testcase classname="testNG.Tester4" name="Bird" time="0.001"/>
  <system-out>
This is Bird method  </system-out>
</testsuite> <!-- testNG.Tester4 -->
