<?xml version="1.0" encoding="UTF-8"?>
<!-- Generated by org.testng.reporters.JUnitReportReporter -->
<testsuite hostname="KUMARSAURABH-PC" failures="0" tests="1" name="testNG.Tester10" time="7.499" errors="0" timestamp="2021-04-04T17:46:05 IST" skipped="0">
  <testcase classname="testNG.Tester10" name="launch" time="7.499"/>
  <system-out/>
</testsuite> <!-- testNG.Tester10 -->
