<?xml version="1.0" encoding="UTF-8"?>
<!-- Generated by org.testng.reporters.JUnitReportReporter -->
<testsuite hostname="KUMARSAURABH-PC" failures="0" tests="4" name="testNG.Tester8" time="0.021" errors="0" timestamp="2021-03-24T15:23:21 IST" skipped="0">
  <testcase classname="testNG.Tester8" name="logout" time="0.003"/>
  <system-out>
logout  </system-out>
  <testcase classname="testNG.Tester8" name="login" time="0.002"/>
  <system-out>
login  </system-out>
  <testcase classname="testNG.Tester8" name="createUser" time="0.014"/>
  <system-out>
createUser  </system-out>
  <testcase classname="testNG.Tester8" name="deleteuser" time="0.002"/>
  <system-out>
deleteUser  </system-out>
</testsuite> <!-- testNG.Tester8 -->
