<?xml version="1.0" encoding="UTF-8"?>
<!-- Generated by org.testng.reporters.JUnitReportReporter -->
<testsuite hostname="KUMARSAURABH-PC" failures="0" tests="1" name="testNG.Tester9" time="2.527" errors="0" timestamp="2021-03-24T15:43:12 IST" skipped="0">
  <testcase classname="testNG.Tester9" name="launch" time="2.527"/>
  <system-out/>
</testsuite> <!-- testNG.Tester9 -->
