<?xml version="1.0" encoding="UTF-8"?>
<!-- Generated by org.testng.reporters.JUnitReportReporter -->
<testsuite hostname="KUMARSAURABH-PC" failures="0" tests="1" name="testNG.Test10" time="6.689" errors="0" timestamp="2021-03-24T15:39:44 IST" skipped="0">
  <testcase classname="testNG.Test10" name="launch" time="6.689"/>
  <system-out/>
</testsuite> <!-- testNG.Test10 -->
