<?xml version="1.0" encoding="UTF-8"?>
<!-- Generated by org.testng.reporters.JUnitReportReporter -->
<testsuite hostname="KUMARSAURABH-PC" failures="0" tests="2" name="testNG.Tester5" time="0.014" errors="0" timestamp="2021-03-23T15:31:14 IST" skipped="1">
  <testcase classname="testNG.Tester5" name="login" time="0.014"/>
  <system-out>
login  </system-out>
  <testcase classname="testNG.Tester5" name="logout">
    <skipped/>
  </testcase> <!-- logout -->
  <system-out/>
</testsuite> <!-- testNG.Tester5 -->
