<?xml version="1.0" encoding="UTF-8"?>
<!-- Generated by org.testng.reporters.JUnitReportReporter -->
<testsuite hostname="KUMARSAURABH-PC" failures="0" tests="1" name="testNG.Tester7" time="6.364" errors="0" timestamp="2021-03-24T15:19:07 IST" skipped="0">
  <testcase classname="testNG.Tester7" name="launchBrowser" time="6.364"/>
  <system-out/>
</testsuite> <!-- testNG.Tester7 -->
