<?xml version="1.0" encoding="UTF-8"?>
<!-- Generated by org.testng.reporters.JUnitReportReporter -->
<testsuite hostname="KUMARSAURABH-PC" failures="0" tests="2" name="testNG.Tester11" time="9.675" errors="0" timestamp="2021-03-24T15:44:05 IST" skipped="0">
  <testcase classname="testNG.Tester11" name="launch" time="7.070"/>
  <system-out/>
  <testcase classname="testNG.Tester11" name="launch1" time="2.605"/>
  <system-out/>
</testsuite> <!-- testNG.Tester11 -->
